{"meta": {"version": "7.2.5", "timestamp": "2025-01-12T21:52:28.147498", "branch_coverage": true, "show_contexts": false}, "files": {"app/ReservationSystem.py": {"executed_lines": [1, 3, 4, 7, 8, 9, 10, 12, 13, 14, 16, 17, 18, 19, 22, 23, 26, 28, 29, 36, 37, 39, 52, 58, 63, 67], "summary": {"covered_lines": 26, "num_statements": 58, "percent_covered": 43.58974358974359, "percent_covered_display": "44", "missing_lines": 32, "excluded_lines": 0, "num_branches": 20, "num_partial_branches": 2, "covered_branches": 8, "missing_branches": 12}, "missing_lines": [40, 41, 43, 44, 45, 46, 47, 49, 50, 53, 54, 55, 56, 59, 60, 61, 64, 68, 69, 70, 71, 72, 74, 75, 76, 78, 79, 80, 82, 83, 84, 85], "excluded_lines": [], "executed_branches": [[16, 17], [16, 18], [18, 19], [18, 22], [22, 23], [22, 28], [23, 23], [23, 26], [67, -1]], "missing_branches": [[23, 22], [40, 41], [40, 43], [44, 45], [44, 46], [46, 47], [46, 49], [53, 54], [53, 56], [60, -60], [60, 61], [67, 68]]}, "app/__init__.py": {"executed_lines": [1], "summary": {"covered_lines": 0, "num_statements": 0, "percent_covered": 100.0, "percent_covered_display": "100", "missing_lines": 0, "excluded_lines": 0, "num_branches": 0, "num_partial_branches": 0, "covered_branches": 0, "missing_branches": 0}, "missing_lines": [], "excluded_lines": [], "executed_branches": [], "missing_branches": []}}, "totals": {"covered_lines": 26, "num_statements": 58, "percent_covered": 43.58974358974359, "percent_covered_display": "44", "missing_lines": 32, "excluded_lines": 0, "num_branches": 20, "num_partial_branches": 2, "covered_branches": 8, "missing_branches": 12}}